<?xml version="1.0" encoding="UTF-8"?>
<!-- Generated by org.testng.reporters.JUnitXMLReporter -->
<testsuite ignored="0" hostname="Rushit-Patel" failures="1" tests="3" name="Error Validation Test" time="25.192" errors="0" timestamp="2024-04-11T16:20:33 MDT">
  <testcase classname="LearningNewSkills.Tests.ErrorValidationTest" name="LoginErrorValidations" time="0.86">
    <skipped/>
  </testcase> <!-- LoginErrorValidations -->
  <testcase classname="LearningNewSkills.Tests.ErrorValidationTest" name="LoginErrorValidations" time="0.848">
    <failure type="java.lang.AssertionError" message="expected [Incorrect email or password.] but found [Incorrect email password.]">
      <![CDATA[java.lang.AssertionError: expected [Incorrect email or password.] but found [Incorrect email password.]
at LearningNewSkills.Tests.ErrorValidationTest.LoginErrorValidations(ErrorValidationTest.java:24)
at java.base/java.util.ArrayList.forEach(ArrayList.java:1511)
at java.base/java.util.concurrent.FutureTask.run(FutureTask.java:264)
at java.base/java.util.concurrent.ThreadPoolExecutor.runWorker(ThreadPoolExecutor.java:1136)
at java.base/java.util.concurrent.ThreadPoolExecutor$Worker.run(ThreadPoolExecutor.java:635)
at java.base/java.lang.Thread.run(Thread.java:833)
... Removed 24 stack frames]]>
    </failure>
  </testcase> <!-- LoginErrorValidations -->
  <testcase classname="LearningNewSkills.Tests.ErrorValidationTest" name="ProductErrorValidations" time="3.385"/>
</testsuite> <!-- Error Validation Test -->
